  [1m[36m (3.5ms)[0m  [1mCREATE TABLE "schema_migrations" ("version" varchar NOT NULL) [0m
  [1m[35m (0.0ms)[0m  select sqlite_version(*)
  [1m[36m (3.5ms)[0m  [1mCREATE UNIQUE INDEX "unique_schema_migrations" ON "schema_migrations" ("version")[0m
  [1m[35mActiveRecord::SchemaMigration Load (0.5ms)[0m  SELECT "schema_migrations".* FROM "schema_migrations"
Migrating to CreateStudents (20160913210751)
  [1m[36m (0.0ms)[0m  [1mbegin transaction[0m
  [1m[35m (0.5ms)[0m  CREATE TABLE "students" ("id" INTEGER PRIMARY KEY AUTOINCREMENT NOT NULL, "firstname" varchar, "lastname" varchar, "favoritefood" varchar, "favoritecolor" varchar, "favoritemovie" varchar, "created_at" datetime NOT NULL, "updated_at" datetime NOT NULL) 
  [1m[36mSQL (0.0ms)[0m  [1mINSERT INTO "schema_migrations" ("version") VALUES (?)[0m  [["version", "20160913210751"]]
  [1m[35m (3.0ms)[0m  commit transaction
  [1m[36mActiveRecord::SchemaMigration Load (1.0ms)[0m  [1mSELECT "schema_migrations".* FROM "schema_migrations"[0m


Started GET "/students" for ::1 at 2016-09-13 15:56:33 -0600
  [1m[36mActiveRecord::SchemaMigration Load (0.0ms)[0m  [1mSELECT "schema_migrations".* FROM "schema_migrations"[0m
Processing by StudentsController#index as HTML
Completed 500 Internal Server Error in 12ms (ActiveRecord: 0.0ms)

NoMethodError (undefined method `transform' for #<StudentsController:0x603dea8>):
  app/controllers/students_controller.rb:4:in `index'


  Rendered C:/RailsInstaller/Ruby2.1.0/lib/ruby/gems/2.1.0/gems/actionpack-4.2.5.1/lib/action_dispatch/middleware/templates/rescues/_source.erb (0.0ms)
  Rendered C:/RailsInstaller/Ruby2.1.0/lib/ruby/gems/2.1.0/gems/actionpack-4.2.5.1/lib/action_dispatch/middleware/templates/rescues/_trace.html.erb (1.0ms)
  Rendered C:/RailsInstaller/Ruby2.1.0/lib/ruby/gems/2.1.0/gems/actionpack-4.2.5.1/lib/action_dispatch/middleware/templates/rescues/_request_and_response.html.erb (0.0ms)
  Rendered C:/RailsInstaller/Ruby2.1.0/lib/ruby/gems/2.1.0/gems/actionpack-4.2.5.1/lib/action_dispatch/middleware/templates/rescues/diagnostics.html.erb within rescues/layout (53.4ms)
  Rendered C:/RailsInstaller/Ruby2.1.0/lib/ruby/gems/2.1.0/gems/web-console-2.3.0/lib/web_console/templates/_markup.html.erb (0.0ms)
  Rendered C:/RailsInstaller/Ruby2.1.0/lib/ruby/gems/2.1.0/gems/web-console-2.3.0/lib/web_console/templates/_inner_console_markup.html.erb within layouts/inlined_string (0.0ms)
  Rendered C:/RailsInstaller/Ruby2.1.0/lib/ruby/gems/2.1.0/gems/web-console-2.3.0/lib/web_console/templates/_prompt_box_markup.html.erb within layouts/inlined_string (0.0ms)
  Rendered C:/RailsInstaller/Ruby2.1.0/lib/ruby/gems/2.1.0/gems/web-console-2.3.0/lib/web_console/templates/style.css.erb within layouts/inlined_string (0.0ms)
  Rendered C:/RailsInstaller/Ruby2.1.0/lib/ruby/gems/2.1.0/gems/web-console-2.3.0/lib/web_console/templates/console.js.erb within layouts/javascript (26.1ms)
  Rendered C:/RailsInstaller/Ruby2.1.0/lib/ruby/gems/2.1.0/gems/web-console-2.3.0/lib/web_console/templates/main.js.erb within layouts/javascript (0.0ms)
  Rendered C:/RailsInstaller/Ruby2.1.0/lib/ruby/gems/2.1.0/gems/web-console-2.3.0/lib/web_console/templates/error_page.js.erb within layouts/javascript (0.0ms)
  Rendered C:/RailsInstaller/Ruby2.1.0/lib/ruby/gems/2.1.0/gems/web-console-2.3.0/lib/web_console/templates/index.html.erb (55.9ms)


Started GET "/students" for ::1 at 2016-09-13 16:22:51 -0600
Processing by StudentsController#index as HTML
  [1m[35mStudent Load (0.5ms)[0m  SELECT "students".* FROM "students"
  Rendered students/index.html.erb within layouts/application (0.5ms)
Completed 200 OK in 390ms (Views: 386.5ms | ActiveRecord: 0.5ms)
  [1m[36m (0.0ms)[0m  [1mbegin transaction[0m
  [1m[35mFixture Delete (0.0ms)[0m  DELETE FROM "students"
  [1m[36mFixture Insert (0.0ms)[0m  [1mINSERT INTO "students" ("firstname", "lastname", "favoritefood", "favoritecolor", "favoritemovie", "created_at", "updated_at", "id") VALUES ('Jimmy', 'Butler', 'Onion Soup', 'Yellow', 'Orange County', '2016-12-15 12:31:31', '2016-12-15 12:31:31', 980190962)[0m
  [1m[35mFixture Insert (0.0ms)[0m  INSERT INTO "students" ("firstname", "lastname", "favoritefood", "favoritecolor", "favoritemovie", "created_at", "updated_at", "id") VALUES ('Jimmy', 'Garrapolo', 'Tempura shrimp', 'Thistle', 'Taboo', '2016-12-15 12:31:31', '2016-12-15 12:31:31', 298486374)
  [1m[36mFixture Insert (0.0ms)[0m  [1mINSERT INTO "students" ("firstname", "lastname", "favoritefood", "favoritecolor", "favoritemovie", "created_at", "updated_at", "id") VALUES ('Tom', 'Brady', 'Eggs', 'Elmer', 'Elysium', '2016-12-15 12:31:31', '2016-12-15 12:31:31', 113629430)[0m
  [1m[35mFixture Insert (0.0ms)[0m  INSERT INTO "students" ("firstname", "lastname", "favoritefood", "favoritecolor", "favoritemovie", "created_at", "updated_at", "id") VALUES ('Kobe', 'Bryant', 'Rottini', 'Red', 'Radio', '2016-12-15 12:31:31', '2016-12-15 12:31:31', 281110143)
  [1m[36mFixture Insert (0.0ms)[0m  [1mINSERT INTO "students" ("firstname", "lastname", "favoritefood", "favoritecolor", "favoritemovie", "created_at", "updated_at", "id") VALUES ('Shaquille', 'O''Neal', 'Veal', 'Violet', 'V for Vendetta', '2016-12-15 12:31:31', '2016-12-15 12:31:31', 1018350795)[0m
  [1m[35mFixture Insert (0.0ms)[0m  INSERT INTO "students" ("firstname", "lastname", "favoritefood", "favoritecolor", "favoritemovie", "created_at", "updated_at", "id") VALUES ('Joey', 'Galloway', 'Onion Soup', 'Red', 'Taboo', '2016-12-15 12:31:31', '2016-12-15 12:31:31', 51848956)
  [1m[36m (1.0ms)[0m  [1mcommit transaction[0m


Started GET "/students" for ::1 at 2016-12-15 09:31:47 -0300
  [1m[36mActiveRecord::SchemaMigration Load (1.0ms)[0m  [1mSELECT "schema_migrations".* FROM "schema_migrations"[0m
Processing by StudentsController#index as HTML
  [1m[35mStudent Load (0.0ms)[0m  SELECT "students".* FROM "students"
  [1m[36m (0.0ms)[0m  [1mSELECT "students"."firstname" FROM "students"[0m
  Rendered students/index.html.erb within layouts/application (28.0ms)
Completed 200 OK in 868ms (Views: 831.4ms | ActiveRecord: 1.0ms)


Started GET "/students?movie=tab" for ::1 at 2016-12-15 09:31:51 -0300
Processing by StudentsController#index as HTML
  Parameters: {"movie"=>"tab"}
  [1m[35mStudent Load (0.0ms)[0m  SELECT "students".* FROM "students" WHERE (lower(favoritemovie) LIKE 'tab%')
  Rendered students/index.html.erb within layouts/application (3.0ms)
Completed 200 OK in 112ms (Views: 95.0ms | ActiveRecord: 0.0ms)
